Arguments: 
  /usr/local/bin/node /usr/local/bin/yarn add @types/aws-sdk @types/chai @types/lodash @types/mocha @types/rimraf @types/handlebars @types/inquirer @types/chance @types/faker @types/js-yaml async-shelljs chai chance faker handlebars inquirer lodash.first lodash.last mocha coveralls nyc prettier rimraf tslint tslint-config-prettier typescript ts-node test-console simple-git serverless serverless-pseudo-parameters serverless-step-functions js-yaml --dev

PATH: 
  /usr/local/bin:/Users/ken/.yarn/bin:/usr/local/share/android-sdk/platform-tools:.:/usr/local/bin:/usr/bin:/bin:/usr/sbin:/sbin:/usr/local/MacGPG2/bin:/Users/ken/.yarn/bin:/usr/local/share/android-sdk/platform-tools:.:/Users/ken/Library/Python/2.7/bin:/usr/local/sbin:/opt/local/bin:/opt/local/sbin:/opt/X11/bin:/Users/kensnyder/.rvm/bin:/Users/kensnyder/.ec2/bin:/Developer/usr/bin:/Users/kensnyder/pear/bin:/usr/local/share/npm/bin:/Applications/Couchbase Server.app/Contents/Resources/couchbase-core/bin:/Users/kensnyder/repos/mine/api/commandline/bin:/Users/ken/Library/Python/2.7/bin:/usr/local/sbin:/usr/local/bin:/opt/local/bin:/opt/local/sbin:/usr/local/bin:/usr/bin:/bin:/usr/sbin:/sbin:/opt/X11/bin:/Users/kensnyder/.rvm/bin:/Users/kensnyder/.ec2/bin:/Developer/usr/bin:/Users/kensnyder/pear/bin:/usr/local/share/npm/bin:/Applications/Couchbase Server.app/Contents/Resources/couchbase-core/bin:/Users/kensnyder/repos/mine/api/commandline/bin

Yarn version: 
  1.5.1

Node version: 
  8.11.3

Platform: 
  darwin x64

npm manifest: 
  {
    "name": "discord-webhook",
    "version": "0.1.0",
    "description": "discord-webhook",
    "license": "MIT",
    "repository": "https://your-server.com/inocan_move/discord-webhook",
    "author": "Ken Snyder <ken@ken.net>",
    "keywords": ["serverless", "typescript"],
    "files": ["lib"],
    "main": "lib/index.js",
     
    "typings": "lib/index.d.ts",
    "scripts": {
      "clean": "rimraf lib",
      "lint": "tslint --force --format verbose \"src/**/*.ts\"",
      "build": "./node_modules/.bin/ts-node ./scripts/build.ts",
      "deps": "./node_modules/.bin/ts-node ./scripts/deps.ts",
      "deps:reset": "./node_modules/.bin/ts-node ./scripts/reset.ts",
      "set-secret": "./node_modules/.bin/ts-node ./scripts/set-secret.ts",
      "get-secret": "./node_modules/.bin/ts-node ./scripts/get-secret.ts",
      "list-secrets": "./node_modules/.bin/ts-node ./scripts/list-secrets.ts",
      "remove-secret": "./node_modules/.bin/ts-node ./scripts/remove-secret.ts",
      "test": "./node_modules/.bin/ts-node ./scripts/test.ts ",
      "invoke": "./node_modules/.bin/ts-node ./scripts/invoke.ts ",
      "deploy": "./node_modules/.bin/ts-node ./scripts/deploy.ts ",
      "publish": "./node_modules/.bin/ts-node ./scripts/publish.ts ",
      "package": "./node_modules/.bin/ts-node ./scripts/package.ts ",
      "coverage":
        "nyc --reporter=html _mocha --require ts-node/register 'test/**/*-spec.ts' && open coverage/index.html",
      "coverage:coveralls":
        "nyc --reporter=text-lcov _mocha --require ts-node/register 'test/**/*-spec.ts' | coveralls",
      "coverage:codecov":
        "nyc _mocha --reporter=json --require ts-node/register 'test/**/*-spec.ts' > coverage/coverage.json",
      "watch": "ts-node ./scripts/watch.ts",
      "watch:test": "ts-node ./scripts/watch.ts test",
      "watch:all": "ts-node ./scripts/watch.ts all",
      "cli": "ts-node cli/index.ts --"
    },
  
    "devDependencies": {
      "@types/node": "^8.10.0"
    },
    "engines": {
      "node": ">=6.0.0"
    }
  }

yarn manifest: 
  No manifest

Lockfile: 
  # THIS IS AN AUTOGENERATED FILE. DO NOT EDIT THIS FILE DIRECTLY.
  # yarn lockfile v1
  
  
  "@types/node@^8.10.0":
    version "8.10.26"
    resolved "https://registry.yarnpkg.com/@types/node/-/node-8.10.26.tgz#950e3d4e6b316ba6e1ae4e84d9155aba67f88c2f"

Trace: 
  Error: ENOENT: no such file or directory, copyfile '/Users/ken/Library/Caches/Yarn/v1/npm-define-property-2.0.2-d459689e8d654ba77e02a817f8710d702cb16e9d/LICENSE' -> '/Users/ken/mine/inocan/discord-webhook/node_modules/nanomatch/node_modules/define-property/LICENSE'
